AnimBlueprintLog: Warning: 正在尝试将一个非additive的动画 'ALS_N_JumpWalk_RF’ 播放到一个在动画实例 'ALS_AnimBP_C /Game/Maps/UEDPIE_0_TestMap.TestMap:PersistentLevel.ALS_AnimMan_CharacterBP_C_0.CharacterMesh0.ALS_AnimBP_C_0’ 中应为additive的姿势中
LogPhysics: Warning: COLLISION PROFILE [ALS_Character] is not found
LogPhysics: Warning: COLLISION PROFILE [ALS_Character] is not found
LogPhysics: Warning: COLLISION PROFILE [ALS_Character] is not found
LogPhysics: Warning: COLLISION PROFILE [ALS_Character] is not found
LogPhysics: Warning: COLLISION PROFILE [ALS_Character] is not found
LogPhysics: Warning: COLLISION PROFILE [ALS_Character] is not found
LogPhysics: Warning: COLLISION PROFILE [ALS_Character] is not found
LogPhysics: Warning: COLLISION PROFILE [ALS_Character] is not found
LogPhysics: Warning: COLLISION PROFILE [ALS_Character] is not found
LogPhysics: Warning: COLLISION PROFILE [ALS_Character] is not found
LogPhysics: Warning: COLLISION PROFILE [ALS_Character] is not found
LogPhysics: Warning: COLLISION PROFILE [ALS_Character] is not found
LogPhysics: Warning: COLLISION PROFILE [ALS_Character] is not found
LogPhysics: Warning: COLLISION PROFILE [ALS_Character] is not found
LogPhysics: Warning: COLLISION PROFILE [ALS_Character] is not found
LogPhysics: Warning: COLLISION PROFILE [ALS_Character] is not found
LogPhysics: Warning: COLLISION PROFILE [ALS_Character] is not found
LogPhysics: Warning: COLLISION PROFILE [ALS_Character] is not found
LogPhysics: Warning: COLLISION PROFILE [ALS_Character] is not found
LogPhysics: Warning: COLLISION PROFILE [ALS_Character] is not found
LogPhysics: Warning: COLLISION PROFILE [ALS_Character] is not found
LogPhysics: Warning: COLLISION PROFILE [ALS_Character] is not found
LogPhysics: Warning: COLLISION PROFILE [ALS_Character] is not found
LogPhysics: Warning: COLLISION PROFILE [ALS_Character] is not found
LogPhysics: Warning: COLLISION PROFILE [ALS_Character] is not found
LogPhysics: Warning: COLLISION PROFILE [ALS_Character] is not found
LogPhysics: Warning: COLLISION PROFILE [ALS_Character] is not found
LogPhysics: Warning: COLLISION PROFILE [ALS_Character] is not found
AnimBlueprintLog: Warning: 正在尝试将一个非additive的动画 'ALS_N_Land_Light’ 播放到一个在动画实例 'ALS_AnimBP_C /Game/Maps/UEDPIE_0_TestMap.TestMap:PersistentLevel.ALS_AnimMan_CharacterBP_C_0.CharacterMesh0.ALS_AnimBP_C_0’ 中应为additive的姿势中
LogUnLua: == UNLUA_PRINT : error ******************************    
LogUnLua: == UNLUA_PRINT : table: 000002AF103D3EC0    
LogUnLua: == UNLUA_PRINT : error *****************************