pb2pbc.bat F:/ouczbs/UE5/ZWorld/Content//Proto/ F:/ouczbs/UE5/ZWorld/Content//Script/Network/Pb/

F:\ouczbs\UE5\ZWorld\Content\Proto>protoc --descriptor_set_out=F:/ouczbs/UE5/ZWorld/Content//Script/Network/Pb/Cmd.pb Cmd.proto  

F:\ouczbs\UE5\ZWorld\Content\Proto>protoc --descriptor_set_out=F:/ouczbs/UE5/ZWorld/Content//Script/Network/Pb/DataConfig.pb DataConfig.proto  

F:\ouczbs\UE5\ZWorld\Content\Proto>protoc --descriptor_set_out=F:/ouczbs/UE5/ZWorld/Content//Script/Network/Pb/Login.pb Login.proto  

F:\ouczbs\UE5\ZWorld\Content\Proto>protoc --descriptor_set_out=F:/ouczbs/UE5/ZWorld/Content//Script/Network/Pb/MessageType.pb MessageType.proto  

F:\ouczbs\UE5\ZWorld\Content\Proto>protoc --descriptor_set_out=F:/ouczbs/UE5/ZWorld/Content//Script/Network/Pb/Wrap.pb Wrap.proto  
请按任意键继续. . . 

pb2pbc.bat F:/ouczbs/UE5/ZWorld/Content//Proto/ F:/ouczbs/UE5/ZWorld/Content//Script/Network/Pb/

F:\ouczbs\UE5\ZWorld\Content\Proto>protoc --descriptor_set_out=F:/ouczbs/UE5/ZWorld/Content//Script/Network/Pb/Cmd.pb Cmd.proto  

F:\ouczbs\UE5\ZWorld\Content\Proto>protoc --descriptor_set_out=F:/ouczbs/UE5/ZWorld/Content//Script/Network/Pb/DataConfig.pb DataConfig.proto  

F:\ouczbs\UE5\ZWorld\Content\Proto>protoc --descriptor_set_out=F:/ouczbs/UE5/ZWorld/Content//Script/Network/Pb/Login.pb Login.proto  

F:\ouczbs\UE5\ZWorld\Content\Proto>protoc --descriptor_set_out=F:/ouczbs/UE5/ZWorld/Content//Script/Network/Pb/MessageType.pb MessageType.proto  

F:\ouczbs\UE5\ZWorld\Content\Proto>protoc --descriptor_set_out=F:/ouczbs/UE5/ZWorld/Content//Script/Network/Pb/Wrap.pb Wrap.proto  
请按任意键继续. . . 

pb2pbc.bat F:/ouczbs/UE5/ZWorld/Content//Proto/ F:/ouczbs/UE5/ZWorld/Content//Script/Network/Pb/

F:\ouczbs\UE5\ZWorld\Content\Proto>protoc --descriptor_set_out=F:/ouczbs/UE5/ZWorld/Content//Script/Network/Pb/Cmd.pb Cmd.proto  

F:\ouczbs\UE5\ZWorld\Content\Proto>protoc --descriptor_set_out=F:/ouczbs/UE5/ZWorld/Content//Script/Network/Pb/DataConfig.pb DataConfig.proto  

F:\ouczbs\UE5\ZWorld\Content\Proto>protoc --descriptor_set_out=F:/ouczbs/UE5/ZWorld/Content//Script/Network/Pb/Login.pb Login.proto  

F:\ouczbs\UE5\ZWorld\Content\Proto>protoc --descriptor_set_out=F:/ouczbs/UE5/ZWorld/Content//Script/Network/Pb/MessageType.pb MessageType.proto  

F:\ouczbs\UE5\ZWorld\Content\Proto>protoc --descriptor_set_out=F:/ouczbs/UE5/ZWorld/Content//Script/Network/Pb/Wrap.pb Wrap.proto  
请按任意键继续. . . 

pb2pbc.bat F:/ouczbs/UE5/ZWorld/Content//Proto/ F:/ouczbs/UE5/ZWorld/Content//Script/Network/Pb/

F:\ouczbs\UE5\ZWorld\Content\Proto>protoc --descriptor_set_out=F:/ouczbs/UE5/ZWorld/Content//Script/Network/Pb/Cmd.pb Cmd.proto  

F:\ouczbs\UE5\ZWorld\Content\Proto>protoc --descriptor_set_out=F:/ouczbs/UE5/ZWorld/Content//Script/Network/Pb/DataConfig.pb DataConfig.proto  

F:\ouczbs\UE5\ZWorld\Content\Proto>protoc --descriptor_set_out=F:/ouczbs/UE5/ZWorld/Content//Script/Network/Pb/Login.pb Login.proto  

F:\ouczbs\UE5\ZWorld\Content\Proto>protoc --descriptor_set_out=F:/ouczbs/UE5/ZWorld/Content//Script/Network/Pb/MessageType.pb MessageType.proto  

F:\ouczbs\UE5\ZWorld\Content\Proto>protoc --descriptor_set_out=F:/ouczbs/UE5/ZWorld/Content//Script/Network/Pb/Wrap.pb Wrap.proto  
请按任意键继续. . . 

pb2pbc.bat F:/ouczbs/UE5/ZWorld/Content//Proto/ F:/ouczbs/UE5/ZWorld/Content//Script/Network/Pb/

F:\ouczbs\UE5\ZWorld\Content\Proto>protoc --descriptor_set_out=F:/ouczbs/UE5/ZWorld/Content//Script/Network/Pb/Cmd.pb Cmd.proto  

F:\ouczbs\UE5\ZWorld\Content\Proto>protoc --descriptor_set_out=F:/ouczbs/UE5/ZWorld/Content//Script/Network/Pb/DataConfig.pb DataConfig.proto  

F:\ouczbs\UE5\ZWorld\Content\Proto>protoc --descriptor_set_out=F:/ouczbs/UE5/ZWorld/Content//Script/Network/Pb/Login.pb Login.proto  

F:\ouczbs\UE5\ZWorld\Content\Proto>protoc --descriptor_set_out=F:/ouczbs/UE5/ZWorld/Content//Script/Network/Pb/MessageType.pb MessageType.proto  

F:\ouczbs\UE5\ZWorld\Content\Proto>protoc --descriptor_set_out=F:/ouczbs/UE5/ZWorld/Content//Script/Network/Pb/Wrap.pb Wrap.proto  
请按任意键继续. . . 

